0 info it worked if it ends with ok
1 verbose cli [ '/home/michael/.nvm/v0.10.32/bin/node',
1 verbose cli   '/home/michael/.nvm/v0.10.32/bin/npm',
1 verbose cli   'i',
1 verbose cli   '--save-dev',
1 verbose cli   'ghpages' ]
2 info using npm@1.4.28
3 info using node@v0.10.32
4 verbose readDependencies using package.json deps
5 verbose cache add [ 'ghpages', null ]
6 verbose cache add name=undefined spec="ghpages" args=["ghpages",null]
7 verbose parsed url { protocol: null,
7 verbose parsed url   slashes: null,
7 verbose parsed url   auth: null,
7 verbose parsed url   host: null,
7 verbose parsed url   port: null,
7 verbose parsed url   hostname: null,
7 verbose parsed url   hash: null,
7 verbose parsed url   search: null,
7 verbose parsed url   query: null,
7 verbose parsed url   pathname: 'ghpages',
7 verbose parsed url   path: 'ghpages',
7 verbose parsed url   href: 'ghpages' }
8 silly lockFile eeab6b0f-ghpages ghpages
9 verbose lock ghpages /home/michael/.npm/eeab6b0f-ghpages.lock
10 silly lockFile eeab6b0f-ghpages ghpages
11 silly lockFile eeab6b0f-ghpages ghpages
12 verbose addNamed [ 'ghpages', '' ]
13 verbose addNamed [ null, '*' ]
14 silly lockFile 1de4d713-ghpages ghpages@
15 verbose lock ghpages@ /home/michael/.npm/1de4d713-ghpages.lock
16 silly addNameRange { name: 'ghpages', range: '*', hasData: false }
17 verbose request where is /ghpages
18 verbose request registry https://registry.npmjs.org/
19 verbose request id e87e20ffb2640d51
20 verbose url raw /ghpages
21 verbose url resolving [ 'https://registry.npmjs.org/', './ghpages' ]
22 verbose url resolved https://registry.npmjs.org/ghpages
23 verbose request where is https://registry.npmjs.org/ghpages
24 info trying registry request attempt 1 at 01:51:12
25 http GET https://registry.npmjs.org/ghpages
26 http 404 https://registry.npmjs.org/ghpages
27 verbose headers { date: 'Thu, 09 Oct 2014 08:51:12 GMT',
27 verbose headers   server: 'CouchDB/1.5.0 (Erlang OTP/R14B04)',
27 verbose headers   'content-type': 'application/json',
27 verbose headers   'cache-control': 'max-age=0',
27 verbose headers   'content-length': '52',
27 verbose headers   'accept-ranges': 'bytes',
27 verbose headers   via: '1.1 varnish',
27 verbose headers   age: '0',
27 verbose headers   'x-served-by': 'cache-lax1435-LAX',
27 verbose headers   'x-cache': 'MISS',
27 verbose headers   'x-cache-hits': '0',
27 verbose headers   'x-timer': 'S1412844672.700429,VS0,VE91',
27 verbose headers   'keep-alive': 'timeout=10, max=50',
27 verbose headers   connection: 'Keep-Alive' }
28 silly registry.get cb [ 404,
28 silly registry.get   { date: 'Thu, 09 Oct 2014 08:51:12 GMT',
28 silly registry.get     server: 'CouchDB/1.5.0 (Erlang OTP/R14B04)',
28 silly registry.get     'content-type': 'application/json',
28 silly registry.get     'cache-control': 'max-age=0',
28 silly registry.get     'content-length': '52',
28 silly registry.get     'accept-ranges': 'bytes',
28 silly registry.get     via: '1.1 varnish',
28 silly registry.get     age: '0',
28 silly registry.get     'x-served-by': 'cache-lax1435-LAX',
28 silly registry.get     'x-cache': 'MISS',
28 silly registry.get     'x-cache-hits': '0',
28 silly registry.get     'x-timer': 'S1412844672.700429,VS0,VE91',
28 silly registry.get     'keep-alive': 'timeout=10, max=50',
28 silly registry.get     connection: 'Keep-Alive' } ]
29 silly lockFile 1de4d713-ghpages ghpages@
30 silly lockFile 1de4d713-ghpages ghpages@
31 error 404 404 Not Found: ghpages
31 error 404
31 error 404 'ghpages' is not in the npm registry.
31 error 404 You should bug the author to publish it
31 error 404 It was specified as a dependency of 'example'
31 error 404
31 error 404 Note that you can also install from a
31 error 404 tarball, folder, or http url, or git url.
32 error System Linux 3.14-2-amd64
33 error command "/home/michael/.nvm/v0.10.32/bin/node" "/home/michael/.nvm/v0.10.32/bin/npm" "i" "--save-dev" "ghpages"
34 error cwd /home/michael/repos/ahdinosaur/beefy-example
35 error node -v v0.10.32
36 error npm -v 1.4.28
37 error code E404
38 verbose exit [ 1, true ]
